# JRE version: Java(TM) SE Runtime Environment (8.0_101-b13) (build 1.8.0_101-b13)
# Java VM: Java HotSpot(TM) 64-Bit Server VM (25.101-b13 mixed mode windows-amd64 compressed oops)
Heap:
 PSYoungGen      total 285184K, used 70272K [0x00000000d8600000, 0x00000000f2300000, 0x0000000100000000)
  eden space 265728K, 19% used [0x00000000d8600000,0x00000000db9dd248,0x00000000e8980000)
  from space 19456K, 88% used [0x00000000e8980000,0x00000000e9a42f80,0x00000000e9c80000)
  to   space 20992K, 0% used [0x00000000f0e80000,0x00000000f0e80000,0x00000000f2300000)
 ParOldGen       total 89600K, used 27236K [0x0000000089200000, 0x000000008e980000, 0x00000000d8600000)
  object space 89600K, 30% used [0x0000000089200000,0x000000008ac99118,0x000000008e980000)
 Metaspace       used 46171K, capacity 46820K, committed 46976K, reserved 1089536K
  class space    used 5840K, capacity 5983K, committed 6016K, reserved 1048576K
GC Heap History (10 events):
Event: 9.572 GC heap before
{Heap before GC invocations=9 (full 1):
 PSYoungGen      total 141312K, used 124953K [0x00000000d8600000, 0x00000000e5c80000, 0x0000000100000000)
  eden space 125952K, 87% used [0x00000000d8600000,0x00000000df163d20,0x00000000e0100000)
  from space 15360K, 97% used [0x00000000e0100000,0x00000000e0fa2880,0x00000000e1000000)
  to   space 17408K, 0% used [0x00000000e4b80000,0x00000000e4b80000,0x00000000e5c80000)
 ParOldGen       total 69120K, used 15580K [0x0000000089200000, 0x000000008d580000, 0x00000000d8600000)
  object space 69120K, 22% used [0x0000000089200000,0x000000008a137110,0x000000008d580000)
 Metaspace       used 34786K, capacity 35236K, committed 35416K, reserved 1081344K
  class space    used 4435K, capacity 4553K, committed 4608K, reserved 1048576K
Event: 10.122 GC heap after
Heap after GC invocations=9 (full 1):
 PSYoungGen      total 198656K, used 17401K [0x00000000d8600000, 0x00000000e9500000, 0x0000000100000000)
  eden space 181248K, 0% used [0x00000000d8600000,0x00000000d8600000,0x00000000e3700000)
  from space 17408K, 99% used [0x00000000e4b80000,0x00000000e5c7e5b0,0x00000000e5c80000)
  to   space 20992K, 0% used [0x00000000e3700000,0x00000000e3700000,0x00000000e4b80000)
 ParOldGen       total 69120K, used 17677K [0x0000000089200000, 0x000000008d580000, 0x00000000d8600000)
  object space 69120K, 25% used [0x0000000089200000,0x000000008a343580,0x000000008d580000)
 Metaspace       used 34786K, capacity 35236K, committed 35416K, reserved 1081344K
  class space    used 4435K, capacity 4553K, committed 4608K, reserved 1048576K
}
Event: 10.122 GC heap before
{Heap before GC invocations=10 (full 2):
 PSYoungGen      total 198656K, used 17401K [0x00000000d8600000, 0x00000000e9500000, 0x0000000100000000)
  eden space 181248K, 0% used [0x00000000d8600000,0x00000000d8600000,0x00000000e3700000)
  from space 17408K, 99% used [0x00000000e4b80000,0x00000000e5c7e5b0,0x00000000e5c80000)
  to   space 20992K, 0% used [0x00000000e3700000,0x00000000e3700000,0x00000000e4b80000)
 ParOldGen       total 69120K, used 17677K [0x0000000089200000, 0x000000008d580000, 0x00000000d8600000)
  object space 69120K, 25% used [0x0000000089200000,0x000000008a343580,0x000000008d580000)
 Metaspace       used 34786K, capacity 35236K, committed 35416K, reserved 1081344K
  class space    used 4435K, capacity 4553K, committed 4608K, reserved 1048576K
Event: 10.311 GC heap after
Heap after GC invocations=10 (full 2):
 PSYoungGen      total 198656K, used 0K [0x00000000d8600000, 0x00000000e9500000, 0x0000000100000000)
  eden space 181248K, 0% used [0x00000000d8600000,0x00000000d8600000,0x00000000e3700000)
  from space 17408K, 0% used [0x00000000e4b80000,0x00000000e4b80000,0x00000000e5c80000)
  to   space 20992K, 0% used [0x00000000e3700000,0x00000000e3700000,0x00000000e4b80000)
 ParOldGen       total 89600K, used 27212K [0x0000000089200000, 0x000000008e980000, 0x00000000d8600000)
  object space 89600K, 30% used [0x0000000089200000,0x000000008ac93118,0x000000008e980000)
 Metaspace       used 34786K, capacity 35236K, committed 35416K, reserved 1081344K
  class space    used 4435K, capacity 4553K, committed 4608K, reserved 1048576K
}
Event: 12.120 GC heap before
{Heap before GC invocations=11 (full 2):
 PSYoungGen      total 198656K, used 181248K [0x00000000d8600000, 0x00000000e9500000, 0x0000000100000000)
  eden space 181248K, 100% used [0x00000000d8600000,0x00000000e3700000,0x00000000e3700000)
  from space 17408K, 0% used [0x00000000e4b80000,0x00000000e4b80000,0x00000000e5c80000)
  to   space 20992K, 0% used [0x00000000e3700000,0x00000000e3700000,0x00000000e4b80000)
 ParOldGen       total 89600K, used 27212K [0x0000000089200000, 0x000000008e980000, 0x00000000d8600000)
  object space 89600K, 30% used [0x0000000089200000,0x000000008ac93118,0x000000008e980000)
 Metaspace       used 37972K, capacity 38592K, committed 38784K, reserved 1083392K
  class space    used 4796K, capacity 4957K, committed 4992K, reserved 1048576K
Event: 12.285 GC heap after
Heap after GC invocations=11 (full 2):
 PSYoungGen      total 202240K, used 8093K [0x00000000d8600000, 0x00000000eb680000, 0x0000000100000000)
  eden space 181248K, 0% used [0x00000000d8600000,0x00000000d8600000,0x00000000e3700000)
  from space 20992K, 38% used [0x00000000e3700000,0x00000000e3ee7488,0x00000000e4b80000)
  to   space 20480K, 0% used [0x00000000ea280000,0x00000000ea280000,0x00000000eb680000)
 ParOldGen       total 89600K, used 27220K [0x0000000089200000, 0x000000008e980000, 0x00000000d8600000)
  object space 89600K, 30% used [0x0000000089200000,0x000000008ac95118,0x000000008e980000)
 Metaspace       used 37972K, capacity 38592K, committed 38784K, reserved 1083392K
  class space    used 4796K, capacity 4957K, committed 4992K, reserved 1048576K
}
Event: 35.628 GC heap before
{Heap before GC invocations=12 (full 2):
 PSYoungGen      total 202240K, used 189341K [0x00000000d8600000, 0x00000000eb680000, 0x0000000100000000)
  eden space 181248K, 100% used [0x00000000d8600000,0x00000000e3700000,0x00000000e3700000)
  from space 20992K, 38% used [0x00000000e3700000,0x00000000e3ee7488,0x00000000e4b80000)
  to   space 20480K, 0% used [0x00000000ea280000,0x00000000ea280000,0x00000000eb680000)
 ParOldGen       total 89600K, used 27220K [0x0000000089200000, 0x000000008e980000, 0x00000000d8600000)
  object space 89600K, 30% used [0x0000000089200000,0x000000008ac95118,0x000000008e980000)
 Metaspace       used 41330K, capacity 41980K, committed 42112K, reserved 1085440K
  class space    used 5259K, capacity 5427K, committed 5504K, reserved 1048576K
Event: 35.696 GC heap after
Heap after GC invocations=12 (full 2):
 PSYoungGen      total 279040K, used 10447K [0x00000000d8600000, 0x00000000eaf80000, 0x0000000100000000)
  eden space 265728K, 0% used [0x00000000d8600000,0x00000000d8600000,0x00000000e8980000)
  from space 13312K, 78% used [0x00000000ea280000,0x00000000eacb3f50,0x00000000eaf80000)
  to   space 19456K, 0% used [0x00000000e8980000,0x00000000e8980000,0x00000000e9c80000)
 ParOldGen       total 89600K, used 27228K [0x0000000089200000, 0x000000008e980000, 0x00000000d8600000)
  object space 89600K, 30% used [0x0000000089200000,0x000000008ac97118,0x000000008e980000)
 Metaspace       used 41330K, capacity 41980K, committed 42112K, reserved 1085440K
  class space    used 5259K, capacity 5427K, committed 5504K, reserved 1048576K
}
Event: 70.178 GC heap before
{Heap before GC invocations=13 (full 2):
 PSYoungGen      total 279040K, used 276175K [0x00000000d8600000, 0x00000000eaf80000, 0x0000000100000000)
  eden space 265728K, 100% used [0x00000000d8600000,0x00000000e8980000,0x00000000e8980000)
  from space 13312K, 78% used [0x00000000ea280000,0x00000000eacb3f50,0x00000000eaf80000)
  to   space 19456K, 0% used [0x00000000e8980000,0x00000000e8980000,0x00000000e9c80000)
 ParOldGen       total 89600K, used 27228K [0x0000000089200000, 0x000000008e980000, 0x00000000d8600000)
  object space 89600K, 30% used [0x0000000089200000,0x000000008ac97118,0x000000008e980000)
 Metaspace       used 46128K, capacity 46808K, committed 46976K, reserved 1089536K
  class space    used 5838K, capacity 5981K, committed 6016K, reserved 1048576K
Event: 70.206 GC heap after
Heap after GC invocations=13 (full 2):
 PSYoungGen      total 285184K, used 17163K [0x00000000d8600000, 0x00000000f2300000, 0x0000000100000000)
  eden space 265728K, 0% used [0x00000000d8600000,0x00000000d8600000,0x00000000e8980000)
  from space 19456K, 88% used [0x00000000e8980000,0x00000000e9a42f80,0x00000000e9c80000)
  to   space 20992K, 0% used [0x00000000f0e80000,0x00000000f0e80000,0x00000000f2300000)
 ParOldGen       total 89600K, used 27236K [0x0000000089200000, 0x000000008e980000, 0x00000000d8600000)
  object space 89600K, 30% used [0x0000000089200000,0x000000008ac99118,0x000000008e980000)
 Metaspace       used 46128K, capacity 46808K, committed 46976K, reserved 1089536K
  class space    used 5838K, capacity 5981K, committed 6016K, reserved 1048576K
}

