# JRE version: Java(TM) SE Runtime Environment (8.0_101-b13) (build 1.8.0_101-b13)
# Java VM: Java HotSpot(TM) 64-Bit Server VM (25.101-b13 mixed mode windows-amd64 compressed oops)
Heap:
 PSYoungGen      total 66560K, used 31267K [0x00000000d8600000, 0x00000000dcc00000, 0x0000000100000000)
  eden space 61440K, 42% used [0x00000000d8600000,0x00000000d9f8ba68,0x00000000dc200000)
  from space 5120K, 99% used [0x00000000dc700000,0x00000000dcbfd4f0,0x00000000dcc00000)
  to   space 5120K, 0% used [0x00000000dc200000,0x00000000dc200000,0x00000000dc700000)
 ParOldGen       total 81920K, used 3588K [0x0000000089200000, 0x000000008e200000, 0x00000000d8600000)
  object space 81920K, 4% used [0x0000000089200000,0x0000000089581068,0x000000008e200000)
 Metaspace       used 16711K, capacity 16818K, committed 17024K, reserved 1064960K
  class space    used 2106K, capacity 2143K, committed 2176K, reserved 1048576K
GC Heap History (4 events):
Event: 1.148 GC heap before
{Heap before GC invocations=1 (full 0):
 PSYoungGen      total 35840K, used 30720K [0x00000000d8600000, 0x00000000dae00000, 0x0000000100000000)
  eden space 30720K, 100% used [0x00000000d8600000,0x00000000da400000,0x00000000da400000)
  from space 5120K, 0% used [0x00000000da900000,0x00000000da900000,0x00000000dae00000)
  to   space 5120K, 0% used [0x00000000da400000,0x00000000da400000,0x00000000da900000)
 ParOldGen       total 81920K, used 0K [0x0000000089200000, 0x000000008e200000, 0x00000000d8600000)
  object space 81920K, 0% used [0x0000000089200000,0x0000000089200000,0x000000008e200000)
 Metaspace       used 9883K, capacity 10016K, committed 10240K, reserved 1058816K
  class space    used 1207K, capacity 1244K, committed 1280K, reserved 1048576K
Event: 1.166 GC heap after
Heap after GC invocations=1 (full 0):
 PSYoungGen      total 35840K, used 4473K [0x00000000d8600000, 0x00000000dcc00000, 0x0000000100000000)
  eden space 30720K, 0% used [0x00000000d8600000,0x00000000d8600000,0x00000000da400000)
  from space 5120K, 87% used [0x00000000da400000,0x00000000da85e670,0x00000000da900000)
  to   space 5120K, 0% used [0x00000000dc700000,0x00000000dc700000,0x00000000dcc00000)
 ParOldGen       total 81920K, used 8K [0x0000000089200000, 0x000000008e200000, 0x00000000d8600000)
  object space 81920K, 0% used [0x0000000089200000,0x0000000089202000,0x000000008e200000)
 Metaspace       used 9883K, capacity 10016K, committed 10240K, reserved 1058816K
  class space    used 1207K, capacity 1244K, committed 1280K, reserved 1048576K
}
Event: 2.150 GC heap before
{Heap before GC invocations=2 (full 0):
 PSYoungGen      total 35840K, used 35164K [0x00000000d8600000, 0x00000000dcc00000, 0x0000000100000000)
  eden space 30720K, 99% used [0x00000000d8600000,0x00000000da3f8c10,0x00000000da400000)
  from space 5120K, 87% used [0x00000000da400000,0x00000000da85e670,0x00000000da900000)
  to   space 5120K, 0% used [0x00000000dc700000,0x00000000dc700000,0x00000000dcc00000)
 ParOldGen       total 81920K, used 8K [0x0000000089200000, 0x000000008e200000, 0x00000000d8600000)
  object space 81920K, 0% used [0x0000000089200000,0x0000000089202000,0x000000008e200000)
 Metaspace       used 13354K, capacity 13472K, committed 13568K, reserved 1060864K
  class space    used 1730K, capacity 1756K, committed 1792K, reserved 1048576K
Event: 2.157 GC heap after
Heap after GC invocations=2 (full 0):
 PSYoungGen      total 66560K, used 5109K [0x00000000d8600000, 0x00000000dcc00000, 0x0000000100000000)
  eden space 61440K, 0% used [0x00000000d8600000,0x00000000d8600000,0x00000000dc200000)
  from space 5120K, 99% used [0x00000000dc700000,0x00000000dcbfd4f0,0x00000000dcc00000)
  to   space 5120K, 0% used [0x00000000dc200000,0x00000000dc200000,0x00000000dc700000)
 ParOldGen       total 81920K, used 3588K [0x0000000089200000, 0x000000008e200000, 0x00000000d8600000)
  object space 81920K, 4% used [0x0000000089200000,0x0000000089581068,0x000000008e200000)
 Metaspace       used 13354K, capacity 13472K, committed 13568K, reserved 1060864K
  class space    used 1730K, capacity 1756K, committed 1792K, reserved 1048576K
}

